<?xml version="1.0" encoding="UTF-8"?>
<!-- Generated by org.testng.reporters.JUnitReportReporter -->
<testsuite skipped="0" hostname="DESKTOP-D8HNM4S" name="oraclecorp.Test1" tests="1" failures="0" timestamp="2021-03-04T22:14:01 IST" time="20.997" errors="0">
  <testcase name="method1" time="20.997" classname="oraclecorp.Test1"/>
  <system-out/>
</testsuite> <!-- oraclecorp.Test1 -->
