<?xml version="1.0" encoding="UTF-8"?>
<!-- Generated by org.testng.reporters.JUnitReportReporter -->
<testsuite skipped="0" hostname="DESKTOP-D8HNM4S" name="oraclecorp.Test2" tests="1" failures="0" timestamp="2021-03-04T22:14:01 IST" time="26.151" errors="0">
  <testcase name="method1" time="26.151" classname="oraclecorp.Test2"/>
  <system-out/>
</testsuite> <!-- oraclecorp.Test2 -->
